#
# There is insufficient memory for the Java Runtime Environment to continue.
# Native memory allocation (mmap) failed to map 65536 bytes for Failed to commit metaspace.
# Possible reasons:
#   The system is out of physical RAM or swap space
#   The process is running with CompressedOops enabled, and the Java Heap may be blocking the growth of the native heap
# Possible solutions:
#   Reduce memory load on the system
#   Increase physical memory or swap space
#   Check if swap backing store is full
#   Decrease Java heap size (-Xmx/-Xms)
#   Decrease number of Java threads
#   Decrease Java thread stack sizes (-Xss)
#   Set larger code cache with -XX:ReservedCodeCacheSize=
#   JVM is running with Unscaled Compressed Oops mode in which the Java heap is
#     placed in the first 4GB address space. The Java Heap base address is the
#     maximum limit for the native heap growth. Please use -XX:HeapBaseMinAddress
#     to set the Java Heap base and to place the Java Heap above 4GB virtual address.
# This output file may be truncated or incomplete.
#
#  Out of Memory Error (virtualSpaceNode.cpp:110), pid=25056, tid=5252
#
# JRE version: OpenJDK Runtime Environment Temurin-17.0.7+7 (17.0.7+7) (build 17.0.7+7)
# Java VM: OpenJDK 64-Bit Server VM Temurin-17.0.7+7 (17.0.7+7, mixed mode, sharing, tiered, compressed oops, compressed class ptrs, g1 gc, windows-amd64)
# No core dump will be written. Minidumps are not enabled by default on client versions of Windows
#

---------------  S U M M A R Y ------------

Command Line: -Dclassworlds.conf=C:\Program Files\apache-maven-3.9.4\bin\m2.conf -Dmaven.home=C:\Program Files\apache-maven-3.9.4 -Dlibrary.jansi.path=C:\Program Files\apache-maven-3.9.4\lib\jansi-native -Dmaven.multiModuleProjectDirectory=c:\Users\Jakida\Downloads\Spring-RBAC-Using-JWT org.codehaus.plexus.classworlds.launcher.Launcher -q help:effective-pom -Doutput=c:\Users\Jakida\Downloads\Spring-RBAC-Using-JWT\effective-pom.xml -f c:/Users/Jakida/Downloads/Spring-RBAC-Using-JWT/pom.xml

Host: Intel(R) Core(TM) i3-1005G1 CPU @ 1.20GHz, 4 cores, 7G,  Windows 11 , 64 bit Build 26100 (10.0.26100.2454)
Time: Tue Feb 18 10:20:10 2025 E. Africa Standard Time elapsed time: 24.217531 seconds (0d 0h 0m 24s)

---------------  T H R E A D  ---------------

Current thread (0x0000019a0f1e28a0):  JavaThread "main" [_thread_in_vm, id=5252, stack(0x0000008e14000000,0x0000008e14100000)]

Stack: [0x0000008e14000000,0x0000008e14100000]
Native frames: (J=compiled Java code, j=interpreted, Vv=VM code, C=native code)
V  [jvm.dll+0x67754a]
V  [jvm.dll+0x834304]
V  [jvm.dll+0x835aae]
V  [jvm.dll+0x836113]
V  [jvm.dll+0x24696f]
V  [jvm.dll+0x83039b]
V  [jvm.dll+0x61c006]
V  [jvm.dll+0x1c169e]
V  [jvm.dll+0x61e961]
V  [jvm.dll+0x61c9a6]
V  [jvm.dll+0x1e1604]
V  [jvm.dll+0x1e5772]
V  [jvm.dll+0x1e4ed5]
V  [jvm.dll+0x1ec44e]
V  [jvm.dll+0x1e1891]
V  [jvm.dll+0x53ea50]
V  [jvm.dll+0x7afc28]
V  [jvm.dll+0x7afd14]
V  [jvm.dll+0x40de05]
V  [jvm.dll+0x413f58]
C  [java.dll+0x17ec]

Java frames: (J=compiled Java code, j=interpreted, Vv=VM code)
J 854  java.lang.ClassLoader.defineClass1(Ljava/lang/ClassLoader;Ljava/lang/String;[BIILjava/security/ProtectionDomain;Ljava/lang/String;)Ljava/lang/Class; java.base@17.0.7 (0 bytes) @ 0x0000019a1e830c63 [0x0000019a1e830ba0+0x00000000000000c3]
J 853 c1 java.lang.ClassLoader.defineClass(Ljava/lang/String;[BIILjava/security/ProtectionDomain;)Ljava/lang/Class; java.base@17.0.7 (43 bytes) @ 0x0000019a16eca8d4 [0x0000019a16eca580+0x0000000000000354]
J 700 c1 java.security.SecureClassLoader.defineClass(Ljava/lang/String;[BIILjava/security/CodeSource;)Ljava/lang/Class; java.base@17.0.7 (16 bytes) @ 0x0000019a16e6ee8c [0x0000019a16e6edc0+0x00000000000000cc]
J 798 c1 java.net.URLClassLoader.defineClass(Ljava/lang/String;Ljdk/internal/loader/Resource;)Ljava/lang/Class; java.base@17.0.7 (224 bytes) @ 0x0000019a16eaa6dc [0x0000019a16ea9020+0x00000000000016bc]
J 797 c1 java.net.URLClassLoader$1.run()Ljava/lang/Class; java.base@17.0.7 (81 bytes) @ 0x0000019a16ea7934 [0x0000019a16ea6cc0+0x0000000000000c74]
J 796 c1 java.net.URLClassLoader$1.run()Ljava/lang/Object; java.base@17.0.7 (5 bytes) @ 0x0000019a16ea67c4 [0x0000019a16ea6740+0x0000000000000084]
J 507 c1 java.security.AccessController.doPrivileged(Ljava/security/PrivilegedExceptionAction;Ljava/security/AccessControlContext;)Ljava/lang/Object; java.base@17.0.7 (26 bytes) @ 0x0000019a16def4fc [0x0000019a16def320+0x00000000000001dc]
J 800 c1 java.net.URLClassLoader.findClass(Ljava/lang/String;)Ljava/lang/Class; java.base@17.0.7 (47 bytes) @ 0x0000019a16ea5e9c [0x0000019a16ea5d00+0x000000000000019c]
J 715 c1 org.codehaus.plexus.classworlds.realm.ClassRealm.loadClassFromSelf(Ljava/lang/String;)Ljava/lang/Class; (40 bytes) @ 0x0000019a16e79e0c [0x0000019a16e79a80+0x000000000000038c]
J 745 c1 org.codehaus.plexus.classworlds.strategy.SelfFirstStrategy.loadClass(Ljava/lang/String;)Ljava/lang/Class; (50 bytes) @ 0x0000019a16e82fa4 [0x0000019a16e82bc0+0x00000000000003e4]
J 510 c1 org.codehaus.plexus.classworlds.realm.ClassRealm.loadClass(Ljava/lang/String;Z)Ljava/lang/Class; (33 bytes) @ 0x0000019a16df01cc [0x0000019a16df0060+0x000000000000016c]
J 509 c1 org.codehaus.plexus.classworlds.realm.ClassRealm.loadClass(Ljava/lang/String;)Ljava/lang/Class; (7 bytes) @ 0x0000019a16defd1c [0x0000019a16defc20+0x00000000000000fc]
v  ~StubRoutines::call_stub
j  com.google.inject.internal.InjectorImpl.<init>(Lcom/google/inject/internal/InjectorImpl;Lcom/google/inject/internal/InjectorBindingData;Lcom/google/inject/internal/InjectorJitBindingData;Lcom/google/inject/internal/InjectorImpl$InjectorOptions;)V+24
j  com.google.inject.internal.InjectorShell$Builder.build(Lcom/google/inject/internal/Initializer;Lcom/google/inject/internal/ProcessedBindingData;Lcom/google/inject/internal/util/ContinuousStopwatch;Lcom/google/inject/internal/Errors;)Ljava/util/List;+257
j  com.google.inject.internal.InternalInjectorCreator.build()Lcom/google/inject/Injector;+48
j  com.google.inject.Guice.createInjector(Lcom/google/inject/Stage;Ljava/lang/Iterable;)Lcom/google/inject/Injector;+15
j  com.google.inject.Guice.createInjector(Ljava/lang/Iterable;)Lcom/google/inject/Injector;+4
j  com.google.inject.Guice.createInjector([Lcom/google/inject/Module;)Lcom/google/inject/Injector;+4
j  org.codehaus.plexus.DefaultPlexusContainer.addPlexusInjector(Ljava/util/List;[Lcom/google/inject/Module;)Lcom/google/inject/Injector;+88
j  org.codehaus.plexus.DefaultPlexusContainer.<init>(Lorg/codehaus/plexus/ContainerConfiguration;[Lcom/google/inject/Module;)V+396
j  org.apache.maven.cli.MavenCli.container(Lorg/apache/maven/cli/CliRequest;)Lorg/codehaus/plexus/PlexusContainer;+279
j  org.apache.maven.cli.MavenCli.doMain(Lorg/apache/maven/cli/CliRequest;)I+34
j  org.apache.maven.cli.MavenCli.main([Ljava/lang/String;Lorg/codehaus/plexus/classworlds/ClassWorld;)I+24
v  ~StubRoutines::call_stub
j  jdk.internal.reflect.NativeMethodAccessorImpl.invoke0(Ljava/lang/reflect/Method;Ljava/lang/Object;[Ljava/lang/Object;)Ljava/lang/Object;+0 java.base@17.0.7
j  jdk.internal.reflect.NativeMethodAccessorImpl.invoke(Ljava/lang/Object;[Ljava/lang/Object;)Ljava/lang/Object;+133 java.base@17.0.7
j  jdk.internal.reflect.DelegatingMethodAccessorImpl.invoke(Ljava/lang/Object;[Ljava/lang/Object;)Ljava/lang/Object;+6 java.base@17.0.7
j  java.lang.reflect.Method.invoke(Ljava/lang/Object;[Ljava/lang/Object;)Ljava/lang/Object;+59 java.base@17.0.7
j  org.codehaus.plexus.classworlds.launcher.Launcher.launchEnhanced([Ljava/lang/String;)V+45
j  org.codehaus.plexus.classworlds.launcher.Launcher.launch([Ljava/lang/String;)V+2
j  org.codehaus.plexus.classworlds.launcher.Launcher.mainWithExitCode([Ljava/lang/String;)I+108
j  org.codehaus.plexus.classworlds.launcher.Launcher.main([Ljava/lang/String;)V+1
v  ~StubRoutines::call_stub

---------------  P R O C E S S  ---------------

Threads class SMR info:
_java_thread_list=0x0000019a3211b100, length=12, elements={
0x0000019a0f1e28a0, 0x0000019a2d366980, 0x0000019a2d3680a0, 0x0000019a2d3836f0,
0x0000019a2d3860b0, 0x0000019a2d386a60, 0x0000019a2d387410, 0x0000019a2d389010,
0x0000019a2d38d240, 0x0000019a2d522bf0, 0x0000019a2d5d6930, 0x0000019a2d5e04e0
}

Java Threads: ( => current thread )
=>0x0000019a0f1e28a0 JavaThread "main" [_thread_in_vm, id=5252, stack(0x0000008e14000000,0x0000008e14100000)]
  0x0000019a2d366980 JavaThread "Reference Handler" daemon [_thread_blocked, id=22756, stack(0x0000008e14800000,0x0000008e14900000)]
  0x0000019a2d3680a0 JavaThread "Finalizer" daemon [_thread_blocked, id=8312, stack(0x0000008e14900000,0x0000008e14a00000)]
  0x0000019a2d3836f0 JavaThread "Signal Dispatcher" daemon [_thread_blocked, id=23132, stack(0x0000008e14a00000,0x0000008e14b00000)]
  0x0000019a2d3860b0 JavaThread "Attach Listener" daemon [_thread_blocked, id=26868, stack(0x0000008e14b00000,0x0000008e14c00000)]
  0x0000019a2d386a60 JavaThread "Service Thread" daemon [_thread_blocked, id=22660, stack(0x0000008e14c00000,0x0000008e14d00000)]
  0x0000019a2d387410 JavaThread "Monitor Deflation Thread" daemon [_thread_blocked, id=10820, stack(0x0000008e14d00000,0x0000008e14e00000)]
  0x0000019a2d389010 JavaThread "C2 CompilerThread0" daemon [_thread_blocked, id=8824, stack(0x0000008e14e00000,0x0000008e14f00000)]
  0x0000019a2d38d240 JavaThread "C1 CompilerThread0" daemon [_thread_blocked, id=23724, stack(0x0000008e14f00000,0x0000008e15000000)]
  0x0000019a2d522bf0 JavaThread "Sweeper thread" daemon [_thread_blocked, id=1360, stack(0x0000008e15000000,0x0000008e15100000)]
  0x0000019a2d5d6930 JavaThread "Notification Thread" daemon [_thread_blocked, id=13680, stack(0x0000008e15100000,0x0000008e15200000)]
  0x0000019a2d5e04e0 JavaThread "Common-Cleaner" daemon [_thread_blocked, id=3940, stack(0x0000008e15300000,0x0000008e15400000)]

Other Threads:
  0x0000019a2d35cc70 VMThread "VM Thread" [stack: 0x0000008e14700000,0x0000008e14800000] [id=5492] _threads_hazard_ptr=0x0000019a3211b100
  0x0000019a2d5d7610 WatcherThread [stack: 0x0000008e15200000,0x0000008e15300000] [id=27196]
  0x0000019a0f23d020 GCTaskThread "GC Thread#0" [stack: 0x0000008e14200000,0x0000008e14300000] [id=6344]
  0x0000019a2d669040 GCTaskThread "GC Thread#1" [stack: 0x0000008e15400000,0x0000008e15500000] [id=20000]
  0x0000019a32291b60 GCTaskThread "GC Thread#2" [stack: 0x0000008e15500000,0x0000008e15600000] [id=20068]
  0x0000019a3222b4b0 GCTaskThread "GC Thread#3" [stack: 0x0000008e15600000,0x0000008e15700000] [id=18140]
  0x0000019a0f24d820 ConcurrentGCThread "G1 Main Marker" [stack: 0x0000008e14300000,0x0000008e14400000] [id=25892]
  0x0000019a0f24e230 ConcurrentGCThread "G1 Conc#0" [stack: 0x0000008e14400000,0x0000008e14500000] [id=25652]
  0x0000019a0f29e570 ConcurrentGCThread "G1 Refine#0" [stack: 0x0000008e14500000,0x0000008e14600000] [id=13764]
  0x0000019a2d216da0 ConcurrentGCThread "G1 Service" [stack: 0x0000008e14600000,0x0000008e14700000] [id=26168]

Threads with active compile tasks:

VM state: synchronizing (normal execution)

VM Mutex/Monitor currently owned by a thread:  ([mutex/lock_event])
[0x0000019a0f1d0330] Metaspace_lock - owner thread: 0x0000019a0f1e28a0
[0x0000019a0f1d0de0] Threads_lock - owner thread: 0x0000019a2d35cc70

Heap address: 0x0000000083a00000, size: 1990 MB, Compressed Oops mode: 32-bit

CDS archive(s) mapped at: [0x0000000800000000-0x0000000800bc0000-0x0000000800bc0000), size 12320768, SharedBaseAddress: 0x0000000800000000, ArchiveRelocationMode: 0.
Compressed class space mapped at: 0x0000000801000000-0x0000000841000000, reserved size: 1073741824
Narrow klass base: 0x0000000800000000, Narrow klass shift: 0, Narrow klass range: 0x100000000

GC Precious Log:
 CPUs: 4 total, 4 available
 Memory: 7954M
 Large Page Support: Disabled
 NUMA Support: Disabled
 Compressed Oops: Enabled (32-bit)
 Heap Region Size: 1M
 Heap Min Capacity: 8M
 Heap Initial Capacity: 126M
 Heap Max Capacity: 1990M
 Pre-touch: Disabled
 Parallel Workers: 4
 Concurrent Workers: 1
 Concurrent Refinement Workers: 4
 Periodic GC: Disabled

Heap:
 garbage-first heap   total 129024K, used 6782K [0x0000000083a00000, 0x0000000100000000)
  region size 1024K, 5 young (5120K), 3 survivors (3072K)
 Metaspace       used 10793K, committed 10944K, reserved 1114112K
  class space    used 1312K, committed 1408K, reserved 1048576K

Heap Regions: E=young(eden), S=young(survivor), O=old, HS=humongous(starts), HC=humongous(continues), CS=collection set, F=free, OA=open archive, CA=closed archive, TAMS=top-at-mark-start (previous, next)
|   0|0x0000000083a00000, 0x0000000083b00000, 0x0000000083b00000|100%| O|  |TAMS 0x0000000083a00000, 0x0000000083a00000| Untracked 
|   1|0x0000000083b00000, 0x0000000083c00000, 0x0000000083c00000|100%| O|  |TAMS 0x0000000083b00000, 0x0000000083b00000| Untracked 
|   2|0x0000000083c00000, 0x0000000083d00000, 0x0000000083d00000|100%| O|  |TAMS 0x0000000083c00000, 0x0000000083c00000| Untracked 
|   3|0x0000000083d00000, 0x0000000083d3be00, 0x0000000083e00000| 23%| O|  |TAMS 0x0000000083d00000, 0x0000000083d00000| Untracked 
|   4|0x0000000083e00000, 0x0000000083e00000, 0x0000000083f00000|  0%| F|  |TAMS 0x0000000083e00000, 0x0000000083e00000| Untracked 
|   5|0x0000000083f00000, 0x0000000083f00000, 0x0000000084000000|  0%| F|  |TAMS 0x0000000083f00000, 0x0000000083f00000| Untracked 
|   6|0x0000000084000000, 0x0000000084000000, 0x0000000084100000|  0%| F|  |TAMS 0x0000000084000000, 0x0000000084000000| Untracked 
|   7|0x0000000084100000, 0x0000000084100000, 0x0000000084200000|  0%| F|  |TAMS 0x0000000084100000, 0x0000000084100000| Untracked 
|   8|0x0000000084200000, 0x0000000084200000, 0x0000000084300000|  0%| F|  |TAMS 0x0000000084200000, 0x0000000084200000| Untracked 
|   9|0x0000000084300000, 0x0000000084300000, 0x0000000084400000|  0%| F|  |TAMS 0x0000000084300000, 0x0000000084300000| Untracked 
|  10|0x0000000084400000, 0x0000000084400000, 0x0000000084500000|  0%| F|  |TAMS 0x0000000084400000, 0x0000000084400000| Untracked 
|  11|0x0000000084500000, 0x0000000084500000, 0x0000000084600000|  0%| F|  |TAMS 0x0000000084500000, 0x0000000084500000| Untracked 
|  12|0x0000000084600000, 0x0000000084600000, 0x0000000084700000|  0%| F|  |TAMS 0x0000000084600000, 0x0000000084600000| Untracked 
|  13|0x0000000084700000, 0x0000000084700000, 0x0000000084800000|  0%| F|  |TAMS 0x0000000084700000, 0x0000000084700000| Untracked 
|  14|0x0000000084800000, 0x0000000084800000, 0x0000000084900000|  0%| F|  |TAMS 0x0000000084800000, 0x0000000084800000| Untracked 
|  15|0x0000000084900000, 0x0000000084900000, 0x0000000084a00000|  0%| F|  |TAMS 0x0000000084900000, 0x0000000084900000| Untracked 
|  16|0x0000000084a00000, 0x0000000084a00000, 0x0000000084b00000|  0%| F|  |TAMS 0x0000000084a00000, 0x0000000084a00000| Untracked 
|  17|0x0000000084b00000, 0x0000000084b00000, 0x0000000084c00000|  0%| F|  |TAMS 0x0000000084b00000, 0x0000000084b00000| Untracked 
|  18|0x0000000084c00000, 0x0000000084c00000, 0x0000000084d00000|  0%| F|  |TAMS 0x0000000084c00000, 0x0000000084c00000| Untracked 
|  19|0x0000000084d00000, 0x0000000084d00000, 0x0000000084e00000|  0%| F|  |TAMS 0x0000000084d00000, 0x0000000084d00000| Untracked 
|  20|0x0000000084e00000, 0x0000000084e00000, 0x0000000084f00000|  0%| F|  |TAMS 0x0000000084e00000, 0x0000000084e00000| Untracked 
|  21|0x0000000084f00000, 0x0000000084f00000, 0x0000000085000000|  0%| F|  |TAMS 0x0000000084f00000, 0x0000000084f00000| Untracked 
|  22|0x0000000085000000, 0x0000000085000000, 0x0000000085100000|  0%| F|  |TAMS 0x0000000085000000, 0x0000000085000000| Untracked 
|  23|0x0000000085100000, 0x0000000085100000, 0x0000000085200000|  0%| F|  |TAMS 0x0000000085100000, 0x0000000085100000| Untracked 
|  24|0x0000000085200000, 0x0000000085200000, 0x0000000085300000|  0%| F|  |TAMS 0x0000000085200000, 0x0000000085200000| Untracked 
|  25|0x0000000085300000, 0x0000000085300000, 0x0000000085400000|  0%| F|  |TAMS 0x0000000085300000, 0x0000000085300000| Untracked 
|  26|0x0000000085400000, 0x0000000085400000, 0x0000000085500000|  0%| F|  |TAMS 0x0000000085400000, 0x0000000085400000| Untracked 
|  27|0x0000000085500000, 0x0000000085500000, 0x0000000085600000|  0%| F|  |TAMS 0x0000000085500000, 0x0000000085500000| Untracked 
|  28|0x0000000085600000, 0x0000000085600000, 0x0000000085700000|  0%| F|  |TAMS 0x0000000085600000, 0x0000000085600000| Untracked 
|  29|0x0000000085700000, 0x0000000085700000, 0x0000000085800000|  0%| F|  |TAMS 0x0000000085700000, 0x0000000085700000| Untracked 
|  30|0x0000000085800000, 0x0000000085800000, 0x0000000085900000|  0%| F|  |TAMS 0x0000000085800000, 0x0000000085800000| Untracked 
|  31|0x0000000085900000, 0x0000000085900000, 0x0000000085a00000|  0%| F|  |TAMS 0x0000000085900000, 0x0000000085900000| Untracked 
|  32|0x0000000085a00000, 0x0000000085a00000, 0x0000000085b00000|  0%| F|  |TAMS 0x0000000085a00000, 0x0000000085a00000| Untracked 
|  33|0x0000000085b00000, 0x0000000085b00000, 0x0000000085c00000|  0%| F|  |TAMS 0x0000000085b00000, 0x0000000085b00000| Untracked 
|  34|0x0000000085c00000, 0x0000000085c00000, 0x0000000085d00000|  0%| F|  |TAMS 0x0000000085c00000, 0x0000000085c00000| Untracked 
|  35|0x0000000085d00000, 0x0000000085d00000, 0x0000000085e00000|  0%| F|  |TAMS 0x0000000085d00000, 0x0000000085d00000| Untracked 
|  36|0x0000000085e00000, 0x0000000085e00000, 0x0000000085f00000|  0%| F|  |TAMS 0x0000000085e00000, 0x0000000085e00000| Untracked 
|  37|0x0000000085f00000, 0x0000000085f00000, 0x0000000086000000|  0%| F|  |TAMS 0x0000000085f00000, 0x0000000085f00000| Untracked 
|  38|0x0000000086000000, 0x0000000086000000, 0x0000000086100000|  0%| F|  |TAMS 0x0000000086000000, 0x0000000086000000| Untracked 
|  39|0x0000000086100000, 0x0000000086100000, 0x0000000086200000|  0%| F|  |TAMS 0x0000000086100000, 0x0000000086100000| Untracked 
|  40|0x0000000086200000, 0x0000000086200000, 0x0000000086300000|  0%| F|  |TAMS 0x0000000086200000, 0x0000000086200000| Untracked 
|  41|0x0000000086300000, 0x0000000086300000, 0x0000000086400000|  0%| F|  |TAMS 0x0000000086300000, 0x0000000086300000| Untracked 
|  42|0x0000000086400000, 0x0000000086400000, 0x0000000086500000|  0%| F|  |TAMS 0x0000000086400000, 0x0000000086400000| Untracked 
|  43|0x0000000086500000, 0x0000000086500000, 0x0000000086600000|  0%| F|  |TAMS 0x0000000086500000, 0x0000000086500000| Untracked 
|  44|0x0000000086600000, 0x0000000086600000, 0x0000000086700000|  0%| F|  |TAMS 0x0000000086600000, 0x0000000086600000| Untracked 
|  45|0x0000000086700000, 0x0000000086700000, 0x0000000086800000|  0%| F|  |TAMS 0x0000000086700000, 0x0000000086700000| Untracked 
|  46|0x0000000086800000, 0x0000000086800000, 0x0000000086900000|  0%| F|  |TAMS 0x0000000086800000, 0x0000000086800000| Untracked 
|  47|0x0000000086900000, 0x0000000086900000, 0x0000000086a00000|  0%| F|  |TAMS 0x0000000086900000, 0x0000000086900000| Untracked 
|  48|0x0000000086a00000, 0x0000000086a00000, 0x0000000086b00000|  0%| F|  |TAMS 0x0000000086a00000, 0x0000000086a00000| Untracked 
|  49|0x0000000086b00000, 0x0000000086b00000, 0x0000000086c00000|  0%| F|  |TAMS 0x0000000086b00000, 0x0000000086b00000| Untracked 
|  50|0x0000000086c00000, 0x0000000086c00000, 0x0000000086d00000|  0%| F|  |TAMS 0x0000000086c00000, 0x0000000086c00000| Untracked 
|  51|0x0000000086d00000, 0x0000000086d00000, 0x0000000086e00000|  0%| F|  |TAMS 0x0000000086d00000, 0x0000000086d00000| Untracked 
|  52|0x0000000086e00000, 0x0000000086e00000, 0x0000000086f00000|  0%| F|  |TAMS 0x0000000086e00000, 0x0000000086e00000| Untracked 
|  53|0x0000000086f00000, 0x0000000086f00000, 0x0000000087000000|  0%| F|  |TAMS 0x0000000086f00000, 0x0000000086f00000| Untracked 
|  54|0x0000000087000000, 0x0000000087000000, 0x0000000087100000|  0%| F|  |TAMS 0x0000000087000000, 0x0000000087000000| Untracked 
|  55|0x0000000087100000, 0x0000000087100000, 0x0000000087200000|  0%| F|  |TAMS 0x0000000087100000, 0x0000000087100000| Untracked 
|  56|0x0000000087200000, 0x0000000087200000, 0x0000000087300000|  0%| F|  |TAMS 0x0000000087200000, 0x0000000087200000| Untracked 
|  57|0x0000000087300000, 0x0000000087300000, 0x0000000087400000|  0%| F|  |TAMS 0x0000000087300000, 0x0000000087300000| Untracked 
|  58|0x0000000087400000, 0x0000000087400000, 0x0000000087500000|  0%| F|  |TAMS 0x0000000087400000, 0x0000000087400000| Untracked 
|  59|0x0000000087500000, 0x0000000087500000, 0x0000000087600000|  0%| F|  |TAMS 0x0000000087500000, 0x0000000087500000| Untracked 
|  60|0x0000000087600000, 0x0000000087600000, 0x0000000087700000|  0%| F|  |TAMS 0x0000000087600000, 0x0000000087600000| Untracked 
|  61|0x0000000087700000, 0x0000000087700000, 0x0000000087800000|  0%| F|  |TAMS 0x0000000087700000, 0x0000000087700000| Untracked 
|  62|0x0000000087800000, 0x0000000087800000, 0x0000000087900000|  0%| F|  |TAMS 0x0000000087800000, 0x0000000087800000| Untracked 
|  63|0x0000000087900000, 0x0000000087900000, 0x0000000087a00000|  0%| F|  |TAMS 0x0000000087900000, 0x0000000087900000| Untracked 
|  64|0x0000000087a00000, 0x0000000087a00000, 0x0000000087b00000|  0%| F|  |TAMS 0x0000000087a00000, 0x0000000087a00000| Untracked 
|  65|0x0000000087b00000, 0x0000000087b00000, 0x0000000087c00000|  0%| F|  |TAMS 0x0000000087b00000, 0x0000000087b00000| Untracked 
|  66|0x0000000087c00000, 0x0000000087c00000, 0x0000000087d00000|  0%| F|  |TAMS 0x0000000087c00000, 0x0000000087c00000| Untracked 
|  67|0x0000000087d00000, 0x0000000087d00000, 0x0000000087e00000|  0%| F|  |TAMS 0x0000000087d00000, 0x0000000087d00000| Untracked 
|  68|0x0000000087e00000, 0x0000000087e00000, 0x0000000087f00000|  0%| F|  |TAMS 0x0000000087e00000, 0x0000000087e00000| Untracked 
|  69|0x0000000087f00000, 0x0000000087f00000, 0x0000000088000000|  0%| F|  |TAMS 0x0000000087f00000, 0x0000000087f00000| Untracked 
|  70|0x0000000088000000, 0x0000000088000000, 0x0000000088100000|  0%| F|  |TAMS 0x0000000088000000, 0x0000000088000000| Untracked 
|  71|0x0000000088100000, 0x0000000088100000, 0x0000000088200000|  0%| F|  |TAMS 0x0000000088100000, 0x0000000088100000| Untracked 
|  72|0x0000000088200000, 0x0000000088200000, 0x0000000088300000|  0%| F|  |TAMS 0x0000000088200000, 0x0000000088200000| Untracked 
|  73|0x0000000088300000, 0x0000000088300000, 0x0000000088400000|  0%| F|  |TAMS 0x0000000088300000, 0x0000000088300000| Untracked 
|  74|0x0000000088400000, 0x0000000088400000, 0x0000000088500000|  0%| F|  |TAMS 0x0000000088400000, 0x0000000088400000| Untracked 
|  75|0x0000000088500000, 0x0000000088500000, 0x0000000088600000|  0%| F|  |TAMS 0x0000000088500000, 0x0000000088500000| Untracked 
|  76|0x0000000088600000, 0x0000000088600000, 0x0000000088700000|  0%| F|  |TAMS 0x0000000088600000, 0x0000000088600000| Untracked 
|  77|0x0000000088700000, 0x0000000088700000, 0x0000000088800000|  0%| F|  |TAMS 0x0000000088700000, 0x0000000088700000| Untracked 
|  78|0x0000000088800000, 0x0000000088800000, 0x0000000088900000|  0%| F|  |TAMS 0x0000000088800000, 0x0000000088800000| Untracked 
|  79|0x0000000088900000, 0x0000000088900000, 0x0000000088a00000|  0%| F|  |TAMS 0x0000000088900000, 0x0000000088900000| Untracked 
|  80|0x0000000088a00000, 0x0000000088a00000, 0x0000000088b00000|  0%| F|  |TAMS 0x0000000088a00000, 0x0000000088a00000| Untracked 
|  81|0x0000000088b00000, 0x0000000088b00000, 0x0000000088c00000|  0%| F|  |TAMS 0x0000000088b00000, 0x0000000088b00000| Untracked 
|  82|0x0000000088c00000, 0x0000000088c00000, 0x0000000088d00000|  0%| F|  |TAMS 0x0000000088c00000, 0x0000000088c00000| Untracked 
|  83|0x0000000088d00000, 0x0000000088d00000, 0x0000000088e00000|  0%| F|  |TAMS 0x0000000088d00000, 0x0000000088d00000| Untracked 
|  84|0x0000000088e00000, 0x0000000088e00000, 0x0000000088f00000|  0%| F|  |TAMS 0x0000000088e00000, 0x0000000088e00000| Untracked 
|  85|0x0000000088f00000, 0x0000000088f00000, 0x0000000089000000|  0%| F|  |TAMS 0x0000000088f00000, 0x0000000088f00000| Untracked 
|  86|0x0000000089000000, 0x0000000089000000, 0x0000000089100000|  0%| F|  |TAMS 0x0000000089000000, 0x0000000089000000| Untracked 
|  87|0x0000000089100000, 0x0000000089100000, 0x0000000089200000|  0%| F|  |TAMS 0x0000000089100000, 0x0000000089100000| Untracked 
|  88|0x0000000089200000, 0x0000000089200000, 0x0000000089300000|  0%| F|  |TAMS 0x0000000089200000, 0x0000000089200000| Untracked 
|  89|0x0000000089300000, 0x0000000089300000, 0x0000000089400000|  0%| F|  |TAMS 0x0000000089300000, 0x0000000089300000| Untracked 
|  90|0x0000000089400000, 0x0000000089400000, 0x0000000089500000|  0%| F|  |TAMS 0x0000000089400000, 0x0000000089400000| Untracked 
|  91|0x0000000089500000, 0x0000000089500000, 0x0000000089600000|  0%| F|  |TAMS 0x0000000089500000, 0x0000000089500000| Untracked 
|  92|0x0000000089600000, 0x0000000089600000, 0x0000000089700000|  0%| F|  |TAMS 0x0000000089600000, 0x0000000089600000| Untracked 
|  93|0x0000000089700000, 0x0000000089763d50, 0x0000000089800000| 38%| S|CS|TAMS 0x0000000089700000, 0x0000000089700000| Complete 
|  94|0x0000000089800000, 0x0000000089900000, 0x0000000089900000|100%| S|CS|TAMS 0x0000000089800000, 0x0000000089800000| Complete 
|  95|0x0000000089900000, 0x0000000089a00000, 0x0000000089a00000|100%| S|CS|TAMS 0x0000000089900000, 0x0000000089900000| Complete 
|  96|0x0000000089a00000, 0x0000000089a00000, 0x0000000089b00000|  0%| F|  |TAMS 0x0000000089a00000, 0x0000000089a00000| Untracked 
|  97|0x0000000089b00000, 0x0000000089b00000, 0x0000000089c00000|  0%| F|  |TAMS 0x0000000089b00000, 0x0000000089b00000| Untracked 
|  98|0x0000000089c00000, 0x0000000089c00000, 0x0000000089d00000|  0%| F|  |TAMS 0x0000000089c00000, 0x0000000089c00000| Untracked 
|  99|0x0000000089d00000, 0x0000000089d00000, 0x0000000089e00000|  0%| F|  |TAMS 0x0000000089d00000, 0x0000000089d00000| Untracked 
| 100|0x0000000089e00000, 0x0000000089e00000, 0x0000000089f00000|  0%| F|  |TAMS 0x0000000089e00000, 0x0000000089e00000| Untracked 
| 101|0x0000000089f00000, 0x0000000089f00000, 0x000000008a000000|  0%| F|  |TAMS 0x0000000089f00000, 0x0000000089f00000| Untracked 
| 102|0x000000008a000000, 0x000000008a000000, 0x000000008a100000|  0%| F|  |TAMS 0x000000008a000000, 0x000000008a000000| Untracked 
| 103|0x000000008a100000, 0x000000008a100000, 0x000000008a200000|  0%| F|  |TAMS 0x000000008a100000, 0x000000008a100000| Untracked 
| 104|0x000000008a200000, 0x000000008a200000, 0x000000008a300000|  0%| F|  |TAMS 0x000000008a200000, 0x000000008a200000| Untracked 
| 105|0x000000008a300000, 0x000000008a300000, 0x000000008a400000|  0%| F|  |TAMS 0x000000008a300000, 0x000000008a300000| Untracked 
| 106|0x000000008a400000, 0x000000008a400000, 0x000000008a500000|  0%| F|  |TAMS 0x000000008a400000, 0x000000008a400000| Untracked 
| 107|0x000000008a500000, 0x000000008a500000, 0x000000008a600000|  0%| F|  |TAMS 0x000000008a500000, 0x000000008a500000| Untracked 
| 108|0x000000008a600000, 0x000000008a600000, 0x000000008a700000|  0%| F|  |TAMS 0x000000008a600000, 0x000000008a600000| Untracked 
| 109|0x000000008a700000, 0x000000008a700000, 0x000000008a800000|  0%| F|  |TAMS 0x000000008a700000, 0x000000008a700000| Untracked 
| 110|0x000000008a800000, 0x000000008a800000, 0x000000008a900000|  0%| F|  |TAMS 0x000000008a800000, 0x000000008a800000| Untracked 
| 111|0x000000008a900000, 0x000000008a900000, 0x000000008aa00000|  0%| F|  |TAMS 0x000000008a900000, 0x000000008a900000| Untracked 
| 112|0x000000008aa00000, 0x000000008aa00000, 0x000000008ab00000|  0%| F|  |TAMS 0x000000008aa00000, 0x000000008aa00000| Untracked 
| 113|0x000000008ab00000, 0x000000008ab00000, 0x000000008ac00000|  0%| F|  |TAMS 0x000000008ab00000, 0x000000008ab00000| Untracked 
| 114|0x000000008ac00000, 0x000000008ac00000, 0x000000008ad00000|  0%| F|  |TAMS 0x000000008ac00000, 0x000000008ac00000| Untracked 
| 115|0x000000008ad00000, 0x000000008ad00000, 0x000000008ae00000|  0%| F|  |TAMS 0x000000008ad00000, 0x000000008ad00000| Untracked 
| 116|0x000000008ae00000, 0x000000008ae00000, 0x000000008af00000|  0%| F|  |TAMS 0x000000008ae00000, 0x000000008ae00000| Untracked 
| 117|0x000000008af00000, 0x000000008af00000, 0x000000008b000000|  0%| F|  |TAMS 0x000000008af00000, 0x000000008af00000| Untracked 
| 118|0x000000008b000000, 0x000000008b000000, 0x000000008b100000|  0%| F|  |TAMS 0x000000008b000000, 0x000000008b000000| Untracked 
| 119|0x000000008b100000, 0x000000008b100000, 0x000000008b200000|  0%| F|  |TAMS 0x000000008b100000, 0x000000008b100000| Untracked 
| 120|0x000000008b200000, 0x000000008b200000, 0x000000008b300000|  0%| F|  |TAMS 0x000000008b200000, 0x000000008b200000| Untracked 
| 121|0x000000008b300000, 0x000000008b300000, 0x000000008b400000|  0%| F|  |TAMS 0x000000008b300000, 0x000000008b300000| Untracked 
| 122|0x000000008b400000, 0x000000008b400000, 0x000000008b500000|  0%| F|  |TAMS 0x000000008b400000, 0x000000008b400000| Untracked 
| 123|0x000000008b500000, 0x000000008b500000, 0x000000008b600000|  0%| F|  |TAMS 0x000000008b500000, 0x000000008b500000| Untracked 
| 124|0x000000008b600000, 0x000000008b680800, 0x000000008b700000| 50%| E|  |TAMS 0x000000008b600000, 0x000000008b600000| Complete 
| 125|0x000000008b700000, 0x000000008b800000, 0x000000008b800000|100%| E|CS|TAMS 0x000000008b700000, 0x000000008b700000| Complete 

Card table byte_map: [0x0000019a26740000,0x0000019a26b30000] _byte_map_base: 0x0000019a26323000

Marking Bits (Prev, Next): (CMBitMap*) 0x0000019a0f23d630, (CMBitMap*) 0x0000019a0f23d670
 Prev Bits: [0x0000019a26f20000, 0x0000019a28e38000)
 Next Bits: [0x0000019a28e40000, 0x0000019a2ad58000)

Polling page: 0x0000019a0d9e0000

Metaspace:

Usage:
  Non-class:      9.26 MB used.
      Class:      1.28 MB used.
       Both:     10.54 MB used.

Virtual space:
  Non-class space:       64.00 MB reserved,       9.31 MB ( 15%) committed,  1 nodes.
      Class space:        1.00 GB reserved,       1.38 MB ( <1%) committed,  1 nodes.
             Both:        1.06 GB reserved,      10.69 MB ( <1%) committed. 

Chunk freelists:
   Non-Class:  5.17 MB
       Class:  14.67 MB
        Both:  19.84 MB

MaxMetaspaceSize: unlimited
CompressedClassSpaceSize: 1.00 GB
Initial GC threshold: 21.00 MB
Current GC threshold: 21.00 MB
CDS: on
MetaspaceReclaimPolicy: balanced
 - commit_granule_bytes: 65536.
 - commit_granule_words: 8192.
 - virtual_space_node_default_size: 8388608.
 - enlarge_chunks_in_place: 1.
 - new_chunks_are_fully_committed: 0.
 - uncommit_free_chunks: 1.
 - use_allocation_guard: 0.
 - handle_deallocations: 1.


Internal statistics:

num_allocs_failed_limit: 0.
num_arena_births: 62.
num_arena_deaths: 0.
num_vsnodes_births: 2.
num_vsnodes_deaths: 0.
num_space_committed: 171.
num_space_uncommitted: 0.
num_chunks_returned_to_freelist: 0.
num_chunks_taken_from_freelist: 442.
num_chunk_merges: 0.
num_chunk_splits: 294.
num_chunks_enlarged: 237.
num_inconsistent_stats: 0.

CodeHeap 'non-profiled nmethods': size=120000Kb used=734Kb max_used=734Kb free=119265Kb
 bounds [0x0000019a1e7f0000, 0x0000019a1ea60000, 0x0000019a25d20000]
CodeHeap 'profiled nmethods': size=120000Kb used=3838Kb max_used=3838Kb free=116161Kb
 bounds [0x0000019a16d20000, 0x0000019a170e0000, 0x0000019a1e250000]
CodeHeap 'non-nmethods': size=5760Kb used=1170Kb max_used=1207Kb free=4589Kb
 bounds [0x0000019a1e250000, 0x0000019a1e4c0000, 0x0000019a1e7f0000]
 total_blobs=2325 nmethods=1880 adapters=357
 compilation: enabled
              stopped_count=0, restarted_count=0
 full_count=0

Compilation events (20 events):
Event: 23.169 Thread 0x0000019a2d38d240 1870       3       com.google.inject.spi.BindingSourceRestriction$2::visitOther (6 bytes)
Event: 23.170 Thread 0x0000019a2d38d240 nmethod 1870 0x0000019a170dab10 code [0x0000019a170dad00, 0x0000019a170db408]
Event: 23.170 Thread 0x0000019a2d38d240 1872       1       java.lang.invoke.LambdaForm$Name::index (5 bytes)
Event: 23.170 Thread 0x0000019a2d38d240 nmethod 1872 0x0000019a1e8a7690 code [0x0000019a1e8a7820, 0x0000019a1e8a78f8]
Event: 23.171 Thread 0x0000019a2d38d240 1873       3       com.google.inject.spi.DefaultElementVisitor::visit (6 bytes)
Event: 23.171 Thread 0x0000019a2d38d240 nmethod 1873 0x0000019a170db690 code [0x0000019a170db840, 0x0000019a170dba08]
Event: 23.171 Thread 0x0000019a2d38d240 1874       3       java.lang.Boolean::valueOf (14 bytes)
Event: 23.171 Thread 0x0000019a2d38d240 nmethod 1874 0x0000019a170dba90 code [0x0000019a170dbc20, 0x0000019a170dbd98]
Event: 23.171 Thread 0x0000019a2d38d240 1876       3       com.google.inject.internal.AbstractProcessor::lambda$process$0 (28 bytes)
Event: 23.172 Thread 0x0000019a2d38d240 nmethod 1876 0x0000019a170dbe10 code [0x0000019a170dc000, 0x0000019a170dc778]
Event: 23.172 Thread 0x0000019a2d38d240 1877       3       com.google.inject.internal.Errors::withSource (29 bytes)
Event: 23.172 Thread 0x0000019a2d38d240 nmethod 1877 0x0000019a170dc990 code [0x0000019a170dcb40, 0x0000019a170dcf18]
Event: 23.172 Thread 0x0000019a2d38d240 1875       3       com.google.inject.internal.AbstractProcessor$$Lambda$93/0x0000000801151740::test (16 bytes)
Event: 23.172 Thread 0x0000019a2d38d240 nmethod 1875 0x0000019a170dd010 code [0x0000019a170dd220, 0x0000019a170ddb38]
Event: 23.172 Thread 0x0000019a2d38d240 1878       3       com.google.inject.internal.Errors::<init> (23 bytes)
Event: 23.172 Thread 0x0000019a2d38d240 nmethod 1878 0x0000019a170ddd90 code [0x0000019a170ddf40, 0x0000019a170de1d8]
Event: 23.172 Thread 0x0000019a2d38d240 1879       3       com.google.inject.internal.AbstractProcessor::visitOther (6 bytes)
Event: 23.173 Thread 0x0000019a2d38d240 nmethod 1879 0x0000019a170de310 code [0x0000019a170de4c0, 0x0000019a170de718]
Event: 23.173 Thread 0x0000019a2d38d240 1880       3       java.util.WeakHashMap::remove (131 bytes)
Event: 23.173 Thread 0x0000019a2d38d240 nmethod 1880 0x0000019a170de810 code [0x0000019a170dea60, 0x0000019a170df5d8]

GC Heap History (6 events):
Event: 6.663 GC heap before
{Heap before GC invocations=0 (full 0):
 garbage-first heap   total 129024K, used 12288K [0x0000000083a00000, 0x0000000100000000)
  region size 1024K, 13 young (13312K), 0 survivors (0K)
 Metaspace       used 3725K, committed 3840K, reserved 1114112K
  class space    used 400K, committed 448K, reserved 1048576K
}
Event: 7.061 GC heap after
{Heap after GC invocations=1 (full 0):
 garbage-first heap   total 129024K, used 3284K [0x0000000083a00000, 0x0000000100000000)
  region size 1024K, 2 young (2048K), 2 survivors (2048K)
 Metaspace       used 3725K, committed 3840K, reserved 1114112K
  class space    used 400K, committed 448K, reserved 1048576K
}
Event: 10.114 GC heap before
{Heap before GC invocations=1 (full 0):
 garbage-first heap   total 129024K, used 15572K [0x0000000083a00000, 0x0000000100000000)
  region size 1024K, 14 young (14336K), 2 survivors (2048K)
 Metaspace       used 5600K, committed 5824K, reserved 1114112K
  class space    used 675K, committed 768K, reserved 1048576K
}
Event: 10.118 GC heap after
{Heap after GC invocations=2 (full 0):
 garbage-first heap   total 129024K, used 3945K [0x0000000083a00000, 0x0000000100000000)
  region size 1024K, 1 young (1024K), 1 survivors (1024K)
 Metaspace       used 5600K, committed 5824K, reserved 1114112K
  class space    used 675K, committed 768K, reserved 1048576K
}
Event: 22.692 GC heap before
{Heap before GC invocations=2 (full 0):
 garbage-first heap   total 129024K, used 33641K [0x0000000083a00000, 0x0000000100000000)
  region size 1024K, 30 young (30720K), 1 survivors (1024K)
 Metaspace       used 10530K, committed 10688K, reserved 1114112K
  class space    used 1285K, committed 1344K, reserved 1048576K
}
Event: 22.696 GC heap after
{Heap after GC invocations=3 (full 0):
 garbage-first heap   total 129024K, used 5758K [0x0000000083a00000, 0x0000000100000000)
  region size 1024K, 3 young (3072K), 3 survivors (3072K)
 Metaspace       used 10530K, committed 10688K, reserved 1114112K
  class space    used 1285K, committed 1344K, reserved 1048576K
}

Dll operation events (8 events):
Event: 0.029 Loaded shared library C:\Program Files\Eclipse Adoptium\jdk-17.0.7.7-hotspot\bin\java.dll
Event: 0.141 Loaded shared library C:\Program Files\Eclipse Adoptium\jdk-17.0.7.7-hotspot\bin\jsvml.dll
Event: 0.763 Loaded shared library C:\Program Files\Eclipse Adoptium\jdk-17.0.7.7-hotspot\bin\net.dll
Event: 0.801 Loaded shared library C:\Program Files\Eclipse Adoptium\jdk-17.0.7.7-hotspot\bin\nio.dll
Event: 0.816 Loaded shared library C:\Program Files\Eclipse Adoptium\jdk-17.0.7.7-hotspot\bin\zip.dll
Event: 3.041 Loaded shared library C:\Program Files\Eclipse Adoptium\jdk-17.0.7.7-hotspot\bin\jimage.dll
Event: 3.179 Loaded shared library C:\Program Files\apache-maven-3.9.4\lib\jansi-native\Windows\x86_64\jansi.dll
Event: 3.296 Loaded shared library C:\Program Files\Eclipse Adoptium\jdk-17.0.7.7-hotspot\bin\verify.dll

Deoptimization events (20 events):
Event: 21.895 Thread 0x0000019a0f1e28a0 Uncommon trap: trap_request=0xffffffd6 fr.pc=0x0000019a1e896568 relative=0x0000000000000148
Event: 21.895 Thread 0x0000019a0f1e28a0 Uncommon trap: reason=array_check action=maybe_recompile pc=0x0000019a1e896568 method=java.util.stream.Nodes$FixedNodeBuilder.accept(Ljava/lang/Object;)V @ 28 c2
Event: 21.895 Thread 0x0000019a0f1e28a0 DEOPT PACKING pc=0x0000019a1e896568 sp=0x0000008e140fd9e0
Event: 21.895 Thread 0x0000019a0f1e28a0 DEOPT UNPACKING pc=0x0000019a1e2aa1a3 sp=0x0000008e140fd990 mode 2
Event: 21.895 Thread 0x0000019a0f1e28a0 Uncommon trap: trap_request=0xffffffd6 fr.pc=0x0000019a1e896568 relative=0x0000000000000148
Event: 21.895 Thread 0x0000019a0f1e28a0 Uncommon trap: reason=array_check action=maybe_recompile pc=0x0000019a1e896568 method=java.util.stream.Nodes$FixedNodeBuilder.accept(Ljava/lang/Object;)V @ 28 c2
Event: 21.895 Thread 0x0000019a0f1e28a0 DEOPT PACKING pc=0x0000019a1e896568 sp=0x0000008e140fd9e0
Event: 21.895 Thread 0x0000019a0f1e28a0 DEOPT UNPACKING pc=0x0000019a1e2aa1a3 sp=0x0000008e140fd990 mode 2
Event: 22.672 Thread 0x0000019a0f1e28a0 Uncommon trap: trap_request=0xffffff45 fr.pc=0x0000019a1e82cde8 relative=0x00000000000001c8
Event: 22.672 Thread 0x0000019a0f1e28a0 Uncommon trap: reason=unstable_if action=reinterpret pc=0x0000019a1e82cde8 method=java.util.concurrent.ConcurrentHashMap.get(Ljava/lang/Object;)Ljava/lang/Object; @ 152 c2
Event: 22.672 Thread 0x0000019a0f1e28a0 DEOPT PACKING pc=0x0000019a1e82cde8 sp=0x0000008e140fadd0
Event: 22.672 Thread 0x0000019a0f1e28a0 DEOPT UNPACKING pc=0x0000019a1e2aa1a3 sp=0x0000008e140fad48 mode 2
Event: 22.799 Thread 0x0000019a0f1e28a0 Uncommon trap: trap_request=0xffffff45 fr.pc=0x0000019a1e85e99c relative=0x000000000000017c
Event: 22.799 Thread 0x0000019a0f1e28a0 Uncommon trap: reason=unstable_if action=reinterpret pc=0x0000019a1e85e99c method=java.lang.ClassLoader.checkName(Ljava/lang/String;)Z @ 1 c2
Event: 22.799 Thread 0x0000019a0f1e28a0 DEOPT PACKING pc=0x0000019a1e85e99c sp=0x0000008e140fd5d0
Event: 22.799 Thread 0x0000019a0f1e28a0 DEOPT UNPACKING pc=0x0000019a1e2aa1a3 sp=0x0000008e140fd568 mode 2
Event: 23.022 Thread 0x0000019a0f1e28a0 Uncommon trap: trap_request=0xffffff45 fr.pc=0x0000019a1e8a4e60 relative=0x00000000000002c0
Event: 23.022 Thread 0x0000019a0f1e28a0 Uncommon trap: reason=unstable_if action=reinterpret pc=0x0000019a1e8a4e60 method=jdk.internal.org.objectweb.asm.SymbolTable.put(Ljdk/internal/org/objectweb/asm/SymbolTable$Entry;)Ljdk/internal/org/objectweb/asm/SymbolTable$Entry; @ 13 c2
Event: 23.022 Thread 0x0000019a0f1e28a0 DEOPT PACKING pc=0x0000019a1e8a4e60 sp=0x0000008e140fd130
Event: 23.022 Thread 0x0000019a0f1e28a0 DEOPT UNPACKING pc=0x0000019a1e2aa1a3 sp=0x0000008e140fd0b0 mode 2

Classes unloaded (0 events):
No events

Classes redefined (0 events):
No events

Internal exceptions (20 events):
Event: 3.188 Thread 0x0000019a0f1e28a0 Exception <a 'java/lang/NullPointerException'{0x000000008b356210}> (0x000000008b356210) 
thrown [s\src\hotspot\share\interpreter\linkResolver.cpp, line 1350]
Event: 3.188 Thread 0x0000019a0f1e28a0 Exception <a 'java/lang/NullPointerException'{0x000000008b3564e8}> (0x000000008b3564e8) 
thrown [s\src\hotspot\share\interpreter\linkResolver.cpp, line 1350]
Event: 3.188 Thread 0x0000019a0f1e28a0 Exception <a 'java/lang/NullPointerException'{0x000000008b3567c0}> (0x000000008b3567c0) 
thrown [s\src\hotspot\share\interpreter\linkResolver.cpp, line 1350]
Event: 3.432 Thread 0x0000019a0f1e28a0 Exception <a 'java/lang/NoSuchMethodError'{0x000000008b3ff6b0}: 'void java.lang.invoke.DirectMethodHandle$Holder.invokeStatic(java.lang.Object, java.lang.Object, java.lang.Object)'> (0x000000008b3ff6b0) 
thrown [s\src\hotspot\share\interpreter\linkResolver.cpp, line 759]
Event: 3.449 Thread 0x0000019a0f1e28a0 Exception <a 'java/lang/NoSuchMethodError'{0x000000008b25b940}: 'int java.lang.invoke.DirectMethodHandle$Holder.invokeStatic(java.lang.Object, java.lang.Object, int)'> (0x000000008b25b940) 
thrown [s\src\hotspot\share\interpreter\linkResolver.cpp, line 759]
Event: 4.190 Thread 0x0000019a0f1e28a0 Exception <a 'java/lang/NoSuchMethodError'{0x000000008b1ce370}: 'java.lang.Object java.lang.invoke.DirectMethodHandle$Holder.invokeSpecialIFC(java.lang.Object, java.lang.Object, java.lang.Object, java.lang.Object)'> (0x000000008b1ce370) 
thrown [s\src\hotspot\share\interpreter\linkResolver.cpp, line 759]
Event: 6.577 Thread 0x0000019a0f1e28a0 Exception <a 'java/lang/NoSuchMethodError'{0x000000008ab46050}: 'java.lang.Object java.lang.invoke.DirectMethodHandle$Holder.invokeStaticInit(java.lang.Object)'> (0x000000008ab46050) 
thrown [s\src\hotspot\share\interpreter\linkResolver.cpp, line 759]
Event: 6.638 Thread 0x0000019a0f1e28a0 Exception <a 'java/lang/NoSuchMethodError'{0x000000008ab62058}: 'void java.lang.invoke.DirectMethodHandle$Holder.invokeSpecial(java.lang.Object, java.lang.Object, java.lang.Object)'> (0x000000008ab62058) 
thrown [s\src\hotspot\share\interpreter\linkResolver.cpp, line 759]
Event: 7.113 Thread 0x0000019a0f1e28a0 Exception <a 'java/lang/NoSuchMethodError'{0x000000008b7bd250}: 'java.lang.Object java.lang.invoke.DirectMethodHandle$Holder.invokeInterface(java.lang.Object, java.lang.Object)'> (0x000000008b7bd250) 
thrown [s\src\hotspot\share\interpreter\linkResolver.cpp, line 759]
Event: 7.450 Thread 0x0000019a0f1e28a0 Exception <a 'java/lang/NoSuchMethodError'{0x000000008b668ea8}: 'java.lang.Object java.lang.invoke.Invokers$Holder.invokeExact_MT(java.lang.Object, java.lang.Object, java.lang.Object, java.lang.Object, java.lang.Object, java.lang.Object)'> (0x000000008b668ea8) 
thrown [s\src\hotspot\share\interpreter\linkResolver.cpp, line 759]
Event: 7.540 Thread 0x0000019a0f1e28a0 Exception <a 'java/lang/NoSuchMethodError'{0x000000008b67a378}: 'int java.lang.invoke.DirectMethodHandle$Holder.invokeSpecialIFC(java.lang.Object, java.lang.Object, java.lang.Object, java.lang.Object, java.lang.Object)'> (0x000000008b67a378) 
thrown [s\src\hotspot\share\interpreter\linkResolver.cpp, line 759]
Event: 8.008 Thread 0x0000019a0f1e28a0 Exception <a 'java/lang/NoSuchMethodError'{0x000000008b4174b0}: 'java.lang.Object java.lang.invoke.DirectMethodHandle$Holder.newInvokeSpecial(java.lang.Object, java.lang.Object, java.lang.Object, java.lang.Object, java.lang.Object)'> (0x000000008b4174b0) 
thrown [s\src\hotspot\share\interpreter\linkResolver.cpp, line 759]
Event: 8.066 Thread 0x0000019a0f1e28a0 Exception <a 'java/lang/NoSuchMethodError'{0x000000008b316938}: 'int java.lang.invoke.DirectMethodHandle$Holder.invokeStaticInit(java.lang.Object, java.lang.Object)'> (0x000000008b316938) 
thrown [s\src\hotspot\share\interpreter\linkResolver.cpp, line 759]
Event: 8.080 Thread 0x0000019a0f1e28a0 Exception <a 'java/lang/NoClassDefFoundError'{0x000000008b34e0b8}: jakarta/enterprise/inject/Typed> (0x000000008b34e0b8) 
thrown [s\src\hotspot\share\classfile\systemDictionary.cpp, line 245]
Event: 22.623 Thread 0x0000019a0f1e28a0 Exception <a 'java/lang/NoSuchMethodError'{0x0000000089a266c0}: 'void java.lang.invoke.DirectMethodHandle$Holder.invokeStaticInit(java.lang.Object, java.lang.Object, java.lang.Object)'> (0x0000000089a266c0) 
thrown [s\src\hotspot\share\interpreter\linkResolver.cpp, line 759]
Event: 22.668 Thread 0x0000019a0f1e28a0 Exception <a 'java/lang/ExceptionInInitializerError'{0x0000000089a50e68}> (0x0000000089a50e68) 
thrown [s\src\hotspot\share\oops\instanceKlass.cpp, line 1218]
Event: 22.799 Thread 0x0000019a0f1e28a0 Implicit null exception at 0x0000019a1e85e82f to 0x0000019a1e85e98c
Event: 22.805 Thread 0x0000019a0f1e28a0 Exception <a 'java/lang/NoSuchMethodError'{0x000000008b75dd48}: 'java.lang.Object java.lang.invoke.Invokers$Holder.invokeExact_MT(java.lang.Object, int, java.lang.Object)'> (0x000000008b75dd48) 
thrown [s\src\hotspot\share\interpreter\linkResolver.cpp, line 759]
Event: 23.166 Thread 0x0000019a0f1e28a0 Exception <a 'java/lang/NoSuchMethodError'{0x000000008b7b2960}: 'void java.lang.invoke.DirectMethodHandle$Holder.invokeStatic(java.lang.Object, java.lang.Object)'> (0x000000008b7b2960) 
thrown [s\src\hotspot\share\interpreter\linkResolver.cpp, line 759]
Event: 23.170 Thread 0x0000019a0f1e28a0 Exception <a 'java/lang/NoSuchMethodError'{0x000000008b7c2160}: 'int java.lang.invoke.DirectMethodHandle$Holder.invokeSpecial(java.lang.Object, java.lang.Object, java.lang.Object, java.lang.Object)'> (0x000000008b7c2160) 
thrown [s\src\hotspot\share\interpreter\linkResolver.cpp, line 759]

VM Operations (20 events):
Event: 15.458 Executing VM operation: Cleanup done
Event: 16.099 Executing VM operation: HandshakeAllThreads
Event: 16.099 Executing VM operation: HandshakeAllThreads done
Event: 17.101 Executing VM operation: Cleanup
Event: 17.121 Executing VM operation: Cleanup done
Event: 17.839 Executing VM operation: HandshakeAllThreads
Event: 17.839 Executing VM operation: HandshakeAllThreads done
Event: 18.842 Executing VM operation: Cleanup
Event: 18.952 Executing VM operation: Cleanup done
Event: 19.958 Executing VM operation: Cleanup
Event: 20.006 Executing VM operation: Cleanup done
Event: 21.006 Executing VM operation: Cleanup
Event: 21.022 Executing VM operation: Cleanup done
Event: 22.034 Executing VM operation: Cleanup
Event: 22.037 Executing VM operation: Cleanup done
Event: 22.675 Executing VM operation: HandshakeAllThreads
Event: 22.675 Executing VM operation: HandshakeAllThreads done
Event: 22.692 Executing VM operation: G1CollectForAllocation
Event: 22.696 Executing VM operation: G1CollectForAllocation done
Event: 23.701 Executing VM operation: Cleanup

Events (20 events):
Event: 20.997 loading class java/util/concurrent/locks/ReadWriteLock done
Event: 20.997 loading class java/util/concurrent/locks/ReentrantReadWriteLock done
Event: 21.189 loading class sun/reflect/generics/repository/FieldRepository
Event: 21.189 loading class sun/reflect/generics/repository/FieldRepository done
Event: 21.411 loading class java/io/UncheckedIOException
Event: 21.411 loading class java/io/UncheckedIOException done
Event: 22.044 loading class java/util/concurrent/atomic/AtomicBoolean
Event: 22.044 loading class java/util/concurrent/atomic/AtomicBoolean done
Event: 22.060 loading class java/nio/channels/OverlappingFileLockException
Event: 22.060 loading class java/nio/channels/OverlappingFileLockException done
Event: 22.060 loading class java/nio/channels/FileLock
Event: 22.060 loading class java/nio/channels/FileLock done
Event: 22.228 loading class java/nio/file/AccessDeniedException
Event: 22.229 loading class java/nio/file/FileSystemException
Event: 22.229 loading class java/nio/file/FileSystemException done
Event: 22.229 loading class java/nio/file/AccessDeniedException done
Event: 22.665 loading class java/lang/ExceptionInInitializerError
Event: 22.665 loading class java/lang/ExceptionInInitializerError done
Event: 22.672 loading class jdk/internal/vm/annotation/ForceInline
Event: 22.672 loading class jdk/internal/vm/annotation/ForceInline done


Dynamic libraries:
0x00007ff721af0000 - 0x00007ff721afe000 	C:\Program Files\Eclipse Adoptium\jdk-17.0.7.7-hotspot\bin\java.exe
0x00007ff8c1300000 - 0x00007ff8c1563000 	C:\WINDOWS\SYSTEM32\ntdll.dll
0x00007ff8bf950000 - 0x00007ff8bfa18000 	C:\WINDOWS\System32\KERNEL32.DLL
0x00007ff8beda0000 - 0x00007ff8bf152000 	C:\WINDOWS\System32\KERNELBASE.dll
0x00007ff8be6d0000 - 0x00007ff8be81b000 	C:\WINDOWS\System32\ucrtbase.dll
0x00007ff890ab0000 - 0x00007ff890ac7000 	C:\Program Files\Eclipse Adoptium\jdk-17.0.7.7-hotspot\bin\jli.dll
0x00007ff8bf5e0000 - 0x00007ff8bf7a8000 	C:\WINDOWS\System32\USER32.dll
0x00007ff8be980000 - 0x00007ff8be9a7000 	C:\WINDOWS\System32\win32u.dll
0x00007ff8c1120000 - 0x00007ff8c114a000 	C:\WINDOWS\System32\GDI32.dll
0x00007ff8bec70000 - 0x00007ff8bed9b000 	C:\WINDOWS\System32\gdi32full.dll
0x00007ff8be9b0000 - 0x00007ff8bea53000 	C:\WINDOWS\System32\msvcp_win.dll
0x00007ff890a90000 - 0x00007ff890aa9000 	C:\Program Files\Eclipse Adoptium\jdk-17.0.7.7-hotspot\bin\VCRUNTIME140.dll
0x00007ff8a29b0000 - 0x00007ff8a2c40000 	C:\WINDOWS\WinSxS\amd64_microsoft.windows.common-controls_6595b64144ccf1df_6.0.26100.2454_none_3e0b68a2e331ad60\COMCTL32.dll
0x00007ff8bfe50000 - 0x00007ff8bfef9000 	C:\WINDOWS\System32\msvcrt.dll
0x00007ff8bfb60000 - 0x00007ff8bfb8f000 	C:\WINDOWS\System32\IMM32.DLL
0x00007ff8aabf0000 - 0x00007ff8aabfc000 	C:\Program Files\Eclipse Adoptium\jdk-17.0.7.7-hotspot\bin\vcruntime140_1.dll
0x00007ff862f90000 - 0x00007ff863021000 	C:\Program Files\Eclipse Adoptium\jdk-17.0.7.7-hotspot\bin\msvcp140.dll
0x00007ff8142d0000 - 0x00007ff814f18000 	C:\Program Files\Eclipse Adoptium\jdk-17.0.7.7-hotspot\bin\server\jvm.dll
0x00007ff8bf890000 - 0x00007ff8bf944000 	C:\WINDOWS\System32\ADVAPI32.dll
0x00007ff8bf7e0000 - 0x00007ff8bf886000 	C:\WINDOWS\System32\sechost.dll
0x00007ff8bfa20000 - 0x00007ff8bfb36000 	C:\WINDOWS\System32\RPCRT4.dll
0x00007ff8921b0000 - 0x00007ff8921ba000 	C:\WINDOWS\SYSTEM32\WSOCK32.dll
0x00007ff8c1240000 - 0x00007ff8c12b4000 	C:\WINDOWS\System32\WS2_32.dll
0x00007ff8a0da0000 - 0x00007ff8a0dd6000 	C:\WINDOWS\SYSTEM32\WINMM.dll
0x00007ff8aaf30000 - 0x00007ff8aaf3b000 	C:\WINDOWS\SYSTEM32\VERSION.dll
0x00007ff8bd4d0000 - 0x00007ff8bd4ea000 	C:\WINDOWS\SYSTEM32\kernel.appcore.dll
0x00007ff8a4dd0000 - 0x00007ff8a4dda000 	C:\Program Files\Eclipse Adoptium\jdk-17.0.7.7-hotspot\bin\jimage.dll
0x00007ff8b3360000 - 0x00007ff8b35a1000 	C:\WINDOWS\SYSTEM32\DBGHELP.DLL
0x00007ff8c0aa0000 - 0x00007ff8c0e1e000 	C:\WINDOWS\System32\combase.dll
0x00007ff8c1040000 - 0x00007ff8c1116000 	C:\WINDOWS\System32\OLEAUT32.dll
0x00007ff89ab80000 - 0x00007ff89abb9000 	C:\WINDOWS\SYSTEM32\dbgcore.DLL
0x00007ff8be8e0000 - 0x00007ff8be979000 	C:\WINDOWS\System32\bcryptPrimitives.dll
0x00007ff88c860000 - 0x00007ff88c885000 	C:\Program Files\Eclipse Adoptium\jdk-17.0.7.7-hotspot\bin\java.dll
0x00007ff853290000 - 0x00007ff853366000 	C:\Program Files\Eclipse Adoptium\jdk-17.0.7.7-hotspot\bin\jsvml.dll
0x00007ff8bff00000 - 0x00007ff8c0601000 	C:\WINDOWS\System32\SHELL32.dll
0x00007ff8bc1c0000 - 0x00007ff8bc9f1000 	C:\WINDOWS\SYSTEM32\windows.storage.dll
0x00007ff8bf160000 - 0x00007ff8bf23a000 	C:\WINDOWS\System32\SHCORE.dll
0x00007ff8bf2b0000 - 0x00007ff8bf30d000 	C:\WINDOWS\System32\shlwapi.dll
0x00007ff8be5e0000 - 0x00007ff8be60e000 	C:\WINDOWS\SYSTEM32\profapi.dll
0x00007ff88a5b0000 - 0x00007ff88a5c9000 	C:\Program Files\Eclipse Adoptium\jdk-17.0.7.7-hotspot\bin\net.dll
0x00007ff8b7fb0000 - 0x00007ff8b80d6000 	C:\WINDOWS\SYSTEM32\WINHTTP.dll
0x00007ff8bd9b0000 - 0x00007ff8bda18000 	C:\WINDOWS\system32\mswsock.dll
0x00007ff885650000 - 0x00007ff885665000 	C:\Program Files\Eclipse Adoptium\jdk-17.0.7.7-hotspot\bin\nio.dll
0x00007ff8819c0000 - 0x00007ff8819d8000 	C:\Program Files\Eclipse Adoptium\jdk-17.0.7.7-hotspot\bin\zip.dll
0x0000000069ac0000 - 0x0000000069ae4000 	C:\Program Files\apache-maven-3.9.4\lib\jansi-native\Windows\x86_64\jansi.dll
0x00007ff8a24e0000 - 0x00007ff8a24f0000 	C:\Program Files\Eclipse Adoptium\jdk-17.0.7.7-hotspot\bin\verify.dll

dbghelp: loaded successfully - version: 4.0.5 - missing functions: none
symbol engine: initialized successfully - sym options: 0x614 - pdb path: .;C:\Program Files\Eclipse Adoptium\jdk-17.0.7.7-hotspot\bin;C:\WINDOWS\SYSTEM32;C:\WINDOWS\WinSxS\amd64_microsoft.windows.common-controls_6595b64144ccf1df_6.0.26100.2454_none_3e0b68a2e331ad60;C:\Program Files\Eclipse Adoptium\jdk-17.0.7.7-hotspot\bin\server;C:\Program Files\apache-maven-3.9.4\lib\jansi-native\Windows\x86_64

VM Arguments:
jvm_args: -Dclassworlds.conf=C:\Program Files\apache-maven-3.9.4\bin\m2.conf -Dmaven.home=C:\Program Files\apache-maven-3.9.4 -Dlibrary.jansi.path=C:\Program Files\apache-maven-3.9.4\lib\jansi-native -Dmaven.multiModuleProjectDirectory=c:\Users\Jakida\Downloads\Spring-RBAC-Using-JWT 
java_command: org.codehaus.plexus.classworlds.launcher.Launcher -q help:effective-pom -Doutput=c:\Users\Jakida\Downloads\Spring-RBAC-Using-JWT\effective-pom.xml -f c:/Users/Jakida/Downloads/Spring-RBAC-Using-JWT/pom.xml
java_class_path (initial): C:\Program Files\apache-maven-3.9.4\boot\plexus-classworlds-2.7.0.jar
Launcher Type: SUN_STANDARD

[Global flags]
     intx CICompilerCount                          = 3                                         {product} {ergonomic}
     uint ConcGCThreads                            = 1                                         {product} {ergonomic}
     uint G1ConcRefinementThreads                  = 4                                         {product} {ergonomic}
   size_t G1HeapRegionSize                         = 1048576                                   {product} {ergonomic}
    uintx GCDrainStackTargetSize                   = 64                                        {product} {ergonomic}
   size_t InitialHeapSize                          = 132120576                                 {product} {ergonomic}
   size_t MarkStackSize                            = 4194304                                   {product} {ergonomic}
   size_t MaxHeapSize                              = 2086666240                                {product} {ergonomic}
   size_t MaxNewSize                               = 1251999744                                {product} {ergonomic}
   size_t MinHeapDeltaBytes                        = 1048576                                   {product} {ergonomic}
   size_t MinHeapSize                              = 8388608                                   {product} {ergonomic}
    uintx NonNMethodCodeHeapSize                   = 5832780                                {pd product} {ergonomic}
    uintx NonProfiledCodeHeapSize                  = 122912730                              {pd product} {ergonomic}
    uintx ProfiledCodeHeapSize                     = 122912730                              {pd product} {ergonomic}
    uintx ReservedCodeCacheSize                    = 251658240                              {pd product} {ergonomic}
     bool SegmentedCodeCache                       = true                                      {product} {ergonomic}
   size_t SoftMaxHeapSize                          = 2086666240                             {manageable} {ergonomic}
     bool UseCompressedClassPointers               = true                           {product lp64_product} {ergonomic}
     bool UseCompressedOops                        = true                           {product lp64_product} {ergonomic}
     bool UseG1GC                                  = true                                      {product} {ergonomic}
     bool UseLargePagesIndividualAllocation        = false                                  {pd product} {ergonomic}

Logging:
Log output configuration:
 #0: stdout all=warning uptime,level,tags
 #1: stderr all=off uptime,level,tags

Environment Variables:
JAVA_HOME=C:\Program Files\Eclipse Adoptium\jdk-17.0.7.7-hotspot\
CLASSPATH=C:\Program Files\SAP\SAP Business One DI API\JCO\LIB\sbowrapper.jar;C:\Program Files\SAP\SAP Business One DI API\JCO\LIB\sboapi.jar
PATH=C:\Program Files\SAP\hdbclient;C:\Program Files\Common Files\Oracle\Java\javapath;C:\Program Files\Eclipse Adoptium\jdk-17.0.7.7-hotspot\bin;C:\WINDOWS\system32;C:\WINDOWS;C:\WINDOWS\System32\Wbem;C:\WINDOWS\System32\WindowsPowerShell\v1.0\;C:\WINDOWS\System32\OpenSSH\;C:\Program Files\Git\cmd;C:\Users\Jakida\AppData\Roaming\nvm;C:\Program Files\nodejs;C:\Program Files\apache-maven-3.9.4\bin;C:\Program Files\SAP\SAP Business One DI API\JCO\LIB\;C:\Program Files\SAP\SAP Business One DI API\DI API 90;C:\Program Files\SAP\SAP Business One\;C:\Users\Jakida\AppData\Local\Programs\Python\Python311\Scripts\;C:\Users\Jakida\AppData\Local\Programs\Python\Python311\;C:\Users\Jakida\AppData\Local\Microsoft\WindowsApps;C:\Users\Jakida\AppData\Local\Programs\Microsoft VS Code\bin;C:\Users\Jakida\AppData\Roaming\npm;C:\Users\Jakida\AppData\Roaming\nvm;C:\Program Files\nodejs;
USERNAME=Jakida
OS=Windows_NT
PROCESSOR_IDENTIFIER=Intel64 Family 6 Model 126 Stepping 5, GenuineIntel
TMP=C:\Users\Jakida\AppData\Local\Temp
TEMP=C:\Users\Jakida\AppData\Local\Temp



---------------  S Y S T E M  ---------------

OS:
 Windows 11 , 64 bit Build 26100 (10.0.26100.2454)
OS uptime: 4 days 18:38 hours
Hyper-V role detected

CPU: total 4 (initial active 4) (2 cores per cpu, 2 threads per core) family 6 model 126 stepping 5 microcode 0xa6, cx8, cmov, fxsr, ht, mmx, 3dnowpref, sse, sse2, sse3, ssse3, sse4.1, sse4.2, popcnt, lzcnt, tsc, tscinvbit, avx, avx2, aes, erms, clmul, bmi1, bmi2, adx, avx512f, avx512dq, avx512cd, avx512bw, avx512vl, sha, fma, vzeroupper, avx512_vpopcntdq, avx512_vpclmulqdq, avx512_vaes, avx512_vnni, clflush, clflushopt, avx512_vbmi2, avx512_vbmi, hv

Memory: 4k page, system-wide physical 7954M (477M free)
TotalPageFile size 23343M (AvailPageFile size 0M)
current process WorkingSet (physical memory assigned to process): 99M, peak: 99M
current process commit charge ("private bytes"): 231M, peak: 232M

vm_info: OpenJDK 64-Bit Server VM (17.0.7+7) for windows-amd64 JRE (17.0.7+7), built on Apr 18 2023 22:10:42 by "temurin" with MS VC++ 16.7 (VS2019)

END.
